07/31/25 1:13:11: global.scss - parse error: failed at `.` /home/a/ashipobf/staging.4-energy.ru/public_html/wp-content/themes/four-energy/assets/scss/_hero.scss on line 1, at column 0
08/01/25 5:08:00: global.scss - parse error: failed at `.mb-100` /home/a/ashipobf/staging.4-energy.ru/public_html/wp-content/themes/four-energy/assets/scss/global.scss on line 560, at column 1
08/01/25 5:08:00: global.scss - parse error: failed at `.mb-100` /home/a/ashipobf/staging.4-energy.ru/public_html/wp-content/themes/four-energy/assets/scss/global.scss on line 560, at column 1
08/01/25 5:50:55: global.scss - `implementation` file not found for @import: global.scss on line 6, at column 1
08/01/25 5:51:12: global.scss - `implementation` file not found for @import: global.scss on line 6, at column 1
08/01/25 6:24:01: global.scss - `cta` file not found for @import: global.scss on line 7, at column 1
08/01/25 6:24:29: global.scss - `cta` file not found for @import: global.scss on line 7, at column 1
08/01/25 6:24:40: global.scss - `cta` file not found for @import: global.scss on line 7, at column 1
08/02/25 9:06:34: global.scss - parse error: failed at `margin-bottom: ;` /home/a/ashipobf/staging.4-energy.ru/public_html/wp-content/themes/four-energy/assets/scss/global.scss on line 511, at column 9
08/02/25 9:28:45: global.scss - parse error: failed at `background: ;` /home/a/ashipobf/staging.4-energy.ru/public_html/wp-content/themes/four-energy/assets/scss/global.scss on line 541, at column 5
08/02/25 10:34:54: global.scss - unclosed block: failed at `` /home/a/ashipobf/staging.4-energy.ru/public_html/wp-content/themes/four-energy/assets/scss/_cta.scss on line 172, at column 2
08/03/25 9:16:16: global.scss - parse error: failed at `position` /home/a/ashipobf/staging.4-energy.ru/public_html/wp-content/themes/four-energy/assets/scss/_project-analysis.scss on line 99, at column 5
08/04/25 3:52:03: global.scss - `preview-project` file not found for @import: global.scss on line 13, at column 1
08/04/25 3:52:14: global.scss - `preview-project` file not found for @import: global.scss on line 13, at column 1
08/04/25 3:52:33: global.scss - `preview-project` file not found for @import: global.scss on line 13, at column 1
08/04/25 8:29:27: global.scss - `deadlines` file not found for @import: global.scss on line 14, at column 1
08/04/25 8:29:29: global.scss - `deadlines` file not found for @import: global.scss on line 14, at column 1
08/04/25 8:30:30: global.scss - `deadlines` file not found for @import: global.scss on line 14, at column 1
08/04/25 8:30:37: global.scss - `deadlines` file not found for @import: global.scss on line 14, at column 1
08/04/25 8:31:27: global.scss - `deadlines` file not found for @import: global.scss on line 14, at column 1
08/04/25 8:31:50: global.scss - `deadlines` file not found for @import: global.scss on line 14, at column 1
08/04/25 8:32:38: global.scss - `deadlines` file not found for @import: global.scss on line 14, at column 1
08/04/25 8:32:50: global.scss - `deadlines` file not found for @import: global.scss on line 14, at column 1
08/04/25 8:33:29: global.scss - `deadlines` file not found for @import: global.scss on line 14, at column 1
08/04/25 8:34:39: global.scss - `deadlines` file not found for @import: global.scss on line 14, at column 1
08/04/25 8:34:50: global.scss - `deadlines` file not found for @import: global.scss on line 14, at column 1
08/04/25 8:34:59: global.scss - `deadlines` file not found for @import: global.scss on line 14, at column 1
08/04/25 8:35:01: global.scss - `deadlines` file not found for @import: global.scss on line 14, at column 1
08/04/25 8:35:02: global.scss - `deadlines` file not found for @import: global.scss on line 14, at column 1
08/04/25 8:35:08: global.scss - `deadlines` file not found for @import: global.scss on line 14, at column 1
08/04/25 8:35:09: global.scss - `deadlines` file not found for @import: global.scss on line 14, at column 1
08/04/25 10:10:09: global.scss - `reviews` file not found for @import: global.scss on line 17, at column 1
08/04/25 10:10:27: global.scss - `reviews` file not found for @import: global.scss on line 17, at column 1
08/05/25 1:09:08: global.scss - `support-service` file not found for @import: global.scss on line 19, at column 1
08/05/25 3:37:33: global.scss - `support-service` file not found for @import: global.scss on line 19, at column 1
08/05/25 3:37:33: global.scss - `support-service` file not found for @import: global.scss on line 19, at column 1
08/05/25 3:39:35: global.scss - `support-service` file not found for @import: global.scss on line 19, at column 1
08/05/25 3:39:36: global.scss - `support-service` file not found for @import: global.scss on line 19, at column 1
08/05/25 6:23:56: global.scss - parse error: failed at `padding: ;` /home/a/ashipobf/staging.4-energy.ru/public_html/wp-content/themes/four-energy/assets/scss/_support-service.scss on line 8, at column 5
08/05/25 8:36:47: global.scss - `documentation` file not found for @import: global.scss on line 21, at column 1
08/05/25 8:36:58: global.scss - `documentation` file not found for @import: global.scss on line 21, at column 1
08/05/25 8:37:46: global.scss - `documentation` file not found for @import: global.scss on line 21, at column 1
08/05/25 8:37:58: global.scss - `documentation` file not found for @import: global.scss on line 21, at column 1
08/05/25 8:38:22: global.scss - `documentation` file not found for @import: global.scss on line 21, at column 1
08/05/25 8:38:48: global.scss - `documentation` file not found for @import: global.scss on line 21, at column 1
08/05/25 8:38:59: global.scss - `documentation` file not found for @import: global.scss on line 21, at column 1
08/05/25 8:39:41: global.scss - `documentation` file not found for @import: global.scss on line 21, at column 1
08/05/25 8:39:49: global.scss - `documentation` file not found for @import: global.scss on line 21, at column 1
08/05/25 8:39:59: global.scss - `documentation` file not found for @import: global.scss on line 21, at column 1
08/05/25 8:40:23: global.scss - `documentation` file not found for @import: global.scss on line 21, at column 1
08/05/25 8:40:49: global.scss - `documentation` file not found for @import: global.scss on line 21, at column 1
08/05/25 8:40:59: global.scss - `documentation` file not found for @import: global.scss on line 21, at column 1
08/05/25 8:41:53: global.scss - `documentation` file not found for @import: global.scss on line 21, at column 1
08/05/25 8:41:59: global.scss - `documentation` file not found for @import: global.scss on line 21, at column 1
08/05/25 8:42:17: global.scss - `documentation` file not found for @import: global.scss on line 21, at column 1
08/05/25 8:42:24: global.scss - `documentation` file not found for @import: global.scss on line 21, at column 1
08/05/25 8:42:31: global.scss - `documentation` file not found for @import: global.scss on line 21, at column 1
08/05/25 8:42:49: global.scss - `documentation` file not found for @import: global.scss on line 21, at column 1
08/05/25 8:42:49: global.scss - `documentation` file not found for @import: global.scss on line 21, at column 1
08/05/25 8:42:52: global.scss - `documentation` file not found for @import: global.scss on line 21, at column 1
08/05/25 8:42:53: global.scss - `documentation` file not found for @import: global.scss on line 21, at column 1
08/05/25 8:42:53: global.scss - `documentation` file not found for @import: global.scss on line 21, at column 1
08/05/25 8:43:02: global.scss - `documentation` file not found for @import: global.scss on line 21, at column 1
08/05/25 8:43:02: global.scss - `documentation` file not found for @import: global.scss on line 21, at column 1
08/05/25 8:43:04: global.scss - `documentation` file not found for @import: global.scss on line 21, at column 1
08/05/25 8:43:04: global.scss - `documentation` file not found for @import: global.scss on line 21, at column 1
08/05/25 8:43:04: global.scss - `documentation` file not found for @import: global.scss on line 21, at column 1
08/05/25 8:43:06: global.scss - `documentation` file not found for @import: global.scss on line 21, at column 1
08/05/25 8:43:16: global.scss - `documentation` file not found for @import: global.scss on line 21, at column 1
08/05/25 8:43:26: global.scss - `documentation` file not found for @import: global.scss on line 21, at column 1
08/05/25 8:43:36: global.scss - `documentation` file not found for @import: global.scss on line 21, at column 1
08/05/25 8:43:46: global.scss - `documentation` file not found for @import: global.scss on line 21, at column 1
08/05/25 8:43:52: global.scss - `documentation` file not found for @import: global.scss on line 21, at column 1
08/05/25 8:43:56: global.scss - `documentation` file not found for @import: global.scss on line 21, at column 1
08/05/25 8:44:07: global.scss - `documentation` file not found for @import: global.scss on line 21, at column 1
08/05/25 8:44:10: global.scss - `documentation` file not found for @import: global.scss on line 21, at column 1
08/05/25 8:44:12: global.scss - `documentation` file not found for @import: global.scss on line 21, at column 1
08/05/25 8:44:12: global.scss - `documentation` file not found for @import: global.scss on line 21, at column 1
08/05/25 8:44:24: global.scss - `documentation` file not found for @import: global.scss on line 21, at column 1
08/05/25 8:44:26: global.scss - `documentation` file not found for @import: global.scss on line 21, at column 1
08/05/25 8:44:34: global.scss - `documentation` file not found for @import: global.scss on line 21, at column 1
08/05/25 8:44:45: global.scss - `documentation` file not found for @import: global.scss on line 21, at column 1
08/05/25 8:45:06: global.scss - `documentation` file not found for @import: global.scss on line 21, at column 1
08/05/25 8:45:07: global.scss - `documentation` file not found for @import: global.scss on line 21, at column 1
08/05/25 8:45:08: global.scss - `documentation` file not found for @import: global.scss on line 21, at column 1
08/05/25 8:45:12: global.scss - `documentation` file not found for @import: global.scss on line 21, at column 1
08/05/25 8:45:16: global.scss - `documentation` file not found for @import: global.scss on line 21, at column 1
08/05/25 8:45:20: global.scss - `documentation` file not found for @import: global.scss on line 21, at column 1
08/05/25 8:45:26: global.scss - `documentation` file not found for @import: global.scss on line 21, at column 1
08/05/25 8:45:27: global.scss - `documentation` file not found for @import: global.scss on line 21, at column 1
08/05/25 8:45:30: global.scss - `documentation` file not found for @import: global.scss on line 21, at column 1
08/05/25 8:45:32: global.scss - `documentation` file not found for @import: global.scss on line 21, at column 1
08/05/25 8:45:32: global.scss - `documentation` file not found for @import: global.scss on line 21, at column 1
08/05/25 8:45:45: global.scss - `documentation` file not found for @import: global.scss on line 21, at column 1
08/05/25 8:45:45: global.scss - `documentation` file not found for @import: global.scss on line 21, at column 1
08/05/25 8:45:47: global.scss - `documentation` file not found for @import: global.scss on line 21, at column 1
08/05/25 8:45:47: global.scss - `documentation` file not found for @import: global.scss on line 21, at column 1
08/05/25 8:45:47: global.scss - `documentation` file not found for @import: global.scss on line 21, at column 1
08/05/25 8:45:52: global.scss - `documentation` file not found for @import: global.scss on line 21, at column 1
08/05/25 8:45:52: global.scss - `documentation` file not found for @import: global.scss on line 21, at column 1
08/05/25 8:46:00: global.scss - `documentation` file not found for @import: global.scss on line 21, at column 1
08/05/25 8:46:07: global.scss - `documentation` file not found for @import: global.scss on line 21, at column 1
08/05/25 8:46:16: global.scss - `documentation` file not found for @import: global.scss on line 21, at column 1
08/05/25 8:46:16: global.scss - `documentation` file not found for @import: global.scss on line 21, at column 1
08/05/25 8:46:20: global.scss - `documentation` file not found for @import: global.scss on line 21, at column 1
08/05/25 8:46:26: global.scss - `documentation` file not found for @import: global.scss on line 21, at column 1
08/05/25 8:46:26: global.scss - `documentation` file not found for @import: global.scss on line 21, at column 1
08/05/25 8:46:27: global.scss - `documentation` file not found for @import: global.scss on line 21, at column 1
08/05/25 8:46:28: global.scss - `documentation` file not found for @import: global.scss on line 21, at column 1
08/05/25 8:46:29: global.scss - `documentation` file not found for @import: global.scss on line 21, at column 1
08/05/25 8:46:30: global.scss - `documentation` file not found for @import: global.scss on line 21, at column 1
08/05/25 8:46:32: global.scss - `documentation` file not found for @import: global.scss on line 21, at column 1
08/05/25 8:46:33: global.scss - `documentation` file not found for @import: global.scss on line 21, at column 1
08/05/25 8:46:34: global.scss - `documentation` file not found for @import: global.scss on line 21, at column 1
08/05/25 8:46:34: global.scss - `documentation` file not found for @import: global.scss on line 21, at column 1
08/05/25 8:46:46: global.scss - `documentation` file not found for @import: global.scss on line 21, at column 1
08/05/25 8:46:48: global.scss - `documentation` file not found for @import: global.scss on line 21, at column 1
08/05/25 8:46:48: global.scss - `documentation` file not found for @import: global.scss on line 21, at column 1
08/05/25 8:46:51: global.scss - `documentation` file not found for @import: global.scss on line 21, at column 1
08/05/25 8:47:05: global.scss - `documentation` file not found for @import: global.scss on line 21, at column 1
08/05/25 8:47:06: global.scss - `documentation` file not found for @import: global.scss on line 21, at column 1
08/05/25 8:47:06: global.scss - `documentation` file not found for @import: global.scss on line 21, at column 1
08/05/25 8:47:10: global.scss - `documentation` file not found for @import: global.scss on line 21, at column 1
08/05/25 8:47:18: global.scss - `documentation` file not found for @import: global.scss on line 21, at column 1
08/05/25 8:47:35: global.scss - `documentation` file not found for @import: global.scss on line 21, at column 1
08/05/25 8:47:45: global.scss - `documentation` file not found for @import: global.scss on line 21, at column 1
